<?xml version="1.0" encoding="UTF-8" ?>
<testsuite tests="11" failures="0" name="com.lin.mapper.BrandMapperTest" time="0.375" errors="0" skipped="0">
    <properties>
[...]
</properties>
    <testcase classname="com.lin.mapper.BrandMapperTest" name="selectById" time="0.304"/>
    <testcase classname="com.lin.mapper.BrandMapperTest" name="selectAllBrand" time="0.001"/>
    <testcase classname="com.lin.mapper.BrandMapperTest" name="SelectByConditionDTO" time="0.013"/>
    <testcase classname="com.lin.mapper.BrandMapperTest" name="addBrand" time="0.007"/>
    <testcase classname="com.lin.mapper.BrandMapperTest" name="updateBrand" time="0.001"/>
    <testcase classname="com.lin.mapper.BrandMapperTest" name="deleteBrandByIds" time="0.027"/>
    <testcase classname="com.lin.mapper.BrandMapperTest" name="deleteBrandByIdsUseList" time="0.003"/>
    <testcase classname="com.lin.mapper.BrandMapperTest" name="deleteBrandById" time="0.001"/>
    <testcase classname="com.lin.mapper.BrandMapperTest" name="selectByConditionUseMap" time="0.005"/>
    <testcase classname="com.lin.mapper.BrandMapperTest" name="selectByCondition" time="0.005"/>
    <testcase classname="com.lin.mapper.BrandMapperTest" name="selectBrandBySingleType" time="0.008"/>
</testsuite>